Generated by run_postgres_queries.sh
PostgresSQL Explain JSON generated from the query:

----
EXPLAIN (FORMAT JSON) SELECT 
    d.dept_name,
    COUNT(*) as total_employees,
    SUM(CASE WHEN e.gender = 'M' THEN 1 ELSE 0 END) as male_count,
    SUM(CASE WHEN e.gender = 'F' THEN 1 ELSE 0 END) as female_count
FROM employees.department d
JOIN employees.department_employee de ON d.id = de.department_id
JOIN employees.employee e ON de.employee_id = e.id
WHERE de.to_date = '9999-01-01'
GROUP BY d.dept_name;
----

-- complex_aggregation_with_case.json --
[
  {
    "Plan": {
      "Node Type": "Aggregate",
      "Strategy": "Sorted",
      "Partial Mode": "Finalize",
      "Parallel Aware": false,
      "Async Capable": false,
      "Startup Cost": 15788.32,
      "Total Cost": 15789.54,
      "Plan Rows": 9,
      "Plan Width": 122,
      "Group Key": ["d.dept_name"],
      "Plans": [
        {
          "Node Type": "Gather Merge",
          "Parent Relationship": "Outer",
          "Parallel Aware": false,
          "Async Capable": false,
          "Startup Cost": 15788.32,
          "Total Cost": 15789.36,
          "Plan Rows": 9,
          "Plan Width": 122,
          "Workers Planned": 1,
          "Plans": [
            {
              "Node Type": "Sort",
              "Parent Relationship": "Outer",
              "Parallel Aware": false,
              "Async Capable": false,
              "Startup Cost": 14788.31,
              "Total Cost": 14788.33,
              "Plan Rows": 9,
              "Plan Width": 122,
              "Sort Key": ["d.dept_name"],
              "Plans": [
                {
                  "Node Type": "Aggregate",
                  "Strategy": "Hashed",
                  "Partial Mode": "Partial",
                  "Parent Relationship": "Outer",
                  "Parallel Aware": false,
                  "Async Capable": false,
                  "Startup Cost": 14788.08,
                  "Total Cost": 14788.17,
                  "Plan Rows": 9,
                  "Plan Width": 122,
                  "Group Key": ["d.dept_name"],
                  "Planned Partitions": 0,
                  "Plans": [
                    {
                      "Node Type": "Hash Join",
                      "Parent Relationship": "Outer",
                      "Parallel Aware": false,
                      "Async Capable": false,
                      "Join Type": "Inner",
                      "Startup Cost": 6364.18,
                      "Total Cost": 12670.41,
                      "Plan Rows": 141178,
                      "Plan Width": 102,
                      "Inner Unique": true,
                      "Hash Cond": "(de.department_id = d.id)",
                      "Plans": [
                        {
                          "Node Type": "Hash Join",
                          "Parent Relationship": "Outer",
                          "Parallel Aware": true,
                          "Async Capable": false,
                          "Join Type": "Inner",
                          "Startup Cost": 6362.98,
                          "Total Cost": 12124.11,
                          "Plan Rows": 141178,
                          "Plan Width": 9,
                          "Inner Unique": false,
                          "Hash Cond": "(e.id = de.employee_id)",
                          "Plans": [
                            {
                              "Node Type": "Seq Scan",
                              "Parent Relationship": "Outer",
                              "Parallel Aware": true,
                              "Async Capable": false,
                              "Relation Name": "employee",
                              "Alias": "e",
                              "Startup Cost": 0.00,
                              "Total Cost": 4268.85,
                              "Plan Rows": 176485,
                              "Plan Width": 12
                            },
                            {
                              "Node Type": "Hash",
                              "Parent Relationship": "Inner",
                              "Parallel Aware": true,
                              "Async Capable": false,
                              "Startup Cost": 4598.26,
                              "Total Cost": 4598.26,
                              "Plan Rows": 141178,
                              "Plan Width": 13,
                              "Plans": [
                                {
                                  "Node Type": "Seq Scan",
                                  "Parent Relationship": "Outer",
                                  "Parallel Aware": true,
                                  "Async Capable": false,
                                  "Relation Name": "department_employee",
                                  "Alias": "de",
                                  "Startup Cost": 0.00,
                                  "Total Cost": 4598.26,
                                  "Plan Rows": 141178,
                                  "Plan Width": 13,
                                  "Filter": "(to_date = '9999-01-01'::date)"
                                }
                              ]
                            }
                          ]
                        },
                        {
                          "Node Type": "Hash",
                          "Parent Relationship": "Inner",
                          "Parallel Aware": false,
                          "Async Capable": false,
                          "Startup Cost": 1.09,
                          "Total Cost": 1.09,
                          "Plan Rows": 9,
                          "Plan Width": 118,
                          "Plans": [
                            {
                              "Node Type": "Seq Scan",
                              "Parent Relationship": "Outer",
                              "Parallel Aware": false,
                              "Async Capable": false,
                              "Relation Name": "department",
                              "Alias": "d",
                              "Startup Cost": 0.00,
                              "Total Cost": 1.09,
                              "Plan Rows": 9,
                              "Plan Width": 118
                            }
                          ]
                        }
                      ]
                    }
                  ]
                }
              ]
            }
          ]
        }
      ]
    }
  }
]
