Generated by run_postgres_queries.sh
PostgresSQL Explain JSON generated from the query:

----
EXPLAIN (FORMAT JSON) SELECT 
    e.first_name,
    e.last_name,
    (SELECT d.dept_name 
     FROM employees.department_employee de 
     JOIN employees.department d ON de.department_id = d.id
     WHERE de.employee_id = e.id 
     AND de.to_date = '9999-01-01'
    ) as current_department,
    (SELECT t.title 
     FROM employees.title t 
     WHERE t.employee_id = e.id 
     AND t.to_date = '9999-01-01'
    ) as current_title
FROM employees.employee e
WHERE e.id < 10050;
----

-- complex_subquery_in_select_clause.json --
[
  {
    "Plan": {
      "Node Type": "Index Scan",
      "Parallel Aware": false,
      "Async Capable": false,
      "Scan Direction": "Forward",
      "Index Name": "idx_16988_primary",
      "Relation Name": "employee",
      "Alias": "e",
      "Startup Cost": 0.42,
      "Total Cost": 982.30,
      "Plan Rows": 49,
      "Plan Width": 231,
      "Index Cond": "(id < 10050)",
      "Plans": [
        {
          "Node Type": "Nested Loop",
          "Parent Relationship": "SubPlan",
          "Subplan Name": "SubPlan 1",
          "Parallel Aware": false,
          "Async Capable": false,
          "Join Type": "Inner",
          "Startup Cost": 0.42,
          "Total Cost": 9.64,
          "Plan Rows": 1,
          "Plan Width": 98,
          "Inner Unique": true,
          "Join Filter": "(de.department_id = d.id)",
          "Plans": [
            {
              "Node Type": "Index Scan",
              "Parent Relationship": "Outer",
              "Parallel Aware": false,
              "Async Capable": false,
              "Scan Direction": "Forward",
              "Index Name": "idx_16982_primary",
              "Relation Name": "department_employee",
              "Alias": "de",
              "Startup Cost": 0.42,
              "Total Cost": 8.44,
              "Plan Rows": 1,
              "Plan Width": 5,
              "Index Cond": "(employee_id = e.id)",
              "Filter": "(to_date = '9999-01-01'::date)"
            },
            {
              "Node Type": "Seq Scan",
              "Parent Relationship": "Inner",
              "Parallel Aware": false,
              "Async Capable": false,
              "Relation Name": "department",
              "Alias": "d",
              "Startup Cost": 0.00,
              "Total Cost": 1.09,
              "Plan Rows": 9,
              "Plan Width": 118
            }
          ]
        },
        {
          "Node Type": "Index Scan",
          "Parent Relationship": "SubPlan",
          "Subplan Name": "SubPlan 2",
          "Parallel Aware": false,
          "Async Capable": false,
          "Scan Direction": "Forward",
          "Index Name": "idx_16994_primary",
          "Relation Name": "title",
          "Alias": "t",
          "Startup Cost": 0.42,
          "Total Cost": 10.21,
          "Plan Rows": 1,
          "Plan Width": 11,
          "Index Cond": "(employee_id = e.id)",
          "Filter": "(to_date = '9999-01-01'::date)"
        }
      ]
    }
  }
]
