Generated by run_postgres_queries.sh
PostgresSQL Explain JSON generated from the query:

----
EXPLAIN (FORMAT JSON) SELECT d.dept_name, 
        COUNT(e.id) as emp_count,
       (SELECT AVG(amount) 
        FROM employees.salary s2 
        WHERE s2.employee_id IN (
            SELECT employee_id 
            FROM employees.department_employee de2 
            WHERE de2.department_id = d.id
            AND de2.to_date = '9999-01-01'
        )
        AND s2.to_date = '9999-01-01'
       ) as avg_salary
FROM employees.department d
JOIN employees.department_employee de ON d.id = de.department_id
JOIN employees.employee e ON de.employee_id = e.id
WHERE de.to_date = '9999-01-01'
GROUP BY d.dept_name, d.id;
----

-- complex_join_with_aggregate_subquery.json --
[
  {
    "Plan": {
      "Node Type": "Aggregate",
      "Strategy": "Hashed",
      "Partial Mode": "Simple",
      "Parallel Aware": false,
      "Async Capable": false,
      "Startup Cost": 23005.49,
      "Total Cost": 543759.26,
      "Plan Rows": 9,
      "Plan Width": 158,
      "Group Key": ["d.id"],
      "Planned Partitions": 0,
      "Plans": [
        {
          "Node Type": "Hash Join",
          "Parent Relationship": "Outer",
          "Parallel Aware": false,
          "Async Capable": false,
          "Join Type": "Inner",
          "Startup Cost": 10427.74,
          "Total Cost": 21805.48,
          "Plan Rows": 240003,
          "Plan Width": 126,
          "Inner Unique": true,
          "Hash Cond": "(de.department_id = d.id)",
          "Plans": [
            {
              "Node Type": "Hash Join",
              "Parent Relationship": "Outer",
              "Parallel Aware": false,
              "Async Capable": false,
              "Join Type": "Inner",
              "Startup Cost": 10426.54,
              "Total Cost": 20877.60,
              "Plan Rows": 240003,
              "Plan Width": 13,
              "Inner Unique": true,
              "Hash Cond": "(de.employee_id = e.id)",
              "Plans": [
                {
                  "Node Type": "Seq Scan",
                  "Parent Relationship": "Outer",
                  "Parallel Aware": false,
                  "Async Capable": false,
                  "Relation Name": "department_employee",
                  "Alias": "de",
                  "Startup Cost": 0.00,
                  "Total Cost": 6305.04,
                  "Plan Rows": 240003,
                  "Plan Width": 13,
                  "Filter": "(to_date = '9999-01-01'::date)"
                },
                {
                  "Node Type": "Hash",
                  "Parent Relationship": "Inner",
                  "Parallel Aware": false,
                  "Async Capable": false,
                  "Startup Cost": 5504.24,
                  "Total Cost": 5504.24,
                  "Plan Rows": 300024,
                  "Plan Width": 8,
                  "Plans": [
                    {
                      "Node Type": "Seq Scan",
                      "Parent Relationship": "Outer",
                      "Parallel Aware": false,
                      "Async Capable": false,
                      "Relation Name": "employee",
                      "Alias": "e",
                      "Startup Cost": 0.00,
                      "Total Cost": 5504.24,
                      "Plan Rows": 300024,
                      "Plan Width": 8
                    }
                  ]
                }
              ]
            },
            {
              "Node Type": "Hash",
              "Parent Relationship": "Inner",
              "Parallel Aware": false,
              "Async Capable": false,
              "Startup Cost": 1.09,
              "Total Cost": 1.09,
              "Plan Rows": 9,
              "Plan Width": 118,
              "Plans": [
                {
                  "Node Type": "Seq Scan",
                  "Parent Relationship": "Outer",
                  "Parallel Aware": false,
                  "Async Capable": false,
                  "Relation Name": "department",
                  "Alias": "d",
                  "Startup Cost": 0.00,
                  "Total Cost": 1.09,
                  "Plan Rows": 9,
                  "Plan Width": 118
                }
              ]
            }
          ]
        },
        {
          "Node Type": "Aggregate",
          "Strategy": "Plain",
          "Partial Mode": "Simple",
          "Parent Relationship": "SubPlan",
          "Subplan Name": "SubPlan 1",
          "Parallel Aware": false,
          "Async Capable": false,
          "Startup Cost": 57861.51,
          "Total Cost": 57861.52,
          "Plan Rows": 1,
          "Plan Width": 32,
          "Plans": [
            {
              "Node Type": "Hash Join",
              "Parent Relationship": "Outer",
              "Parallel Aware": false,
              "Async Capable": false,
              "Join Type": "Inner",
              "Startup Cost": 3457.44,
              "Total Cost": 57803.86,
              "Plan Rows": 23059,
              "Plan Width": 8,
              "Inner Unique": true,
              "Hash Cond": "(s2.employee_id = de2.employee_id)",
              "Plans": [
                {
                  "Node Type": "Seq Scan",
                  "Parent Relationship": "Outer",
                  "Parallel Aware": false,
                  "Async Capable": false,
                  "Relation Name": "salary",
                  "Alias": "s2",
                  "Startup Cost": 0.00,
                  "Total Cost": 53710.59,
                  "Plan Rows": 242218,
                  "Plan Width": 16,
                  "Filter": "(to_date = '9999-01-01'::date)"
                },
                {
                  "Node Type": "Hash",
                  "Parent Relationship": "Inner",
                  "Parallel Aware": false,
                  "Async Capable": false,
                  "Startup Cost": 3124.10,
                  "Total Cost": 3124.10,
                  "Plan Rows": 26667,
                  "Plan Width": 8,
                  "Plans": [
                    {
                      "Node Type": "Bitmap Heap Scan",
                      "Parent Relationship": "Outer",
                      "Parallel Aware": false,
                      "Async Capable": false,
                      "Relation Name": "department_employee",
                      "Alias": "de2",
                      "Startup Cost": 411.43,
                      "Total Cost": 3124.10,
                      "Plan Rows": 26667,
                      "Plan Width": 8,
                      "Recheck Cond": "(department_id = d.id)",
                      "Filter": "(to_date = '9999-01-01'::date)",
                      "Plans": [
                        {
                          "Node Type": "Bitmap Index Scan",
                          "Parent Relationship": "Outer",
                          "Parallel Aware": false,
                          "Async Capable": false,
                          "Index Name": "idx_16982_dept_no",
                          "Startup Cost": 0.00,
                          "Total Cost": 404.76,
                          "Plan Rows": 36845,
                          "Plan Width": 0,
                          "Index Cond": "(department_id = d.id)"
                        }
                      ]
                    }
                  ]
                }
              ]
            }
          ]
        }
      ]
    },
    "JIT": {
      "Functions": 41,
      "Options": {
        "Inlining": true,
        "Optimization": true,
        "Expressions": true,
        "Deforming": true
      }
    }
  }
]
