Generated by run_postgres_queries.sh
PostgresSQL Explain JSON generated from the query:

----
EXPLAIN (FORMAT JSON) SELECT 
    d.dept_name,
    t.title,
    COUNT(*) as count,
    AVG(s.amount) as avg_salary,
    AVG(DATE_PART('year', AGE(CURRENT_DATE, e.hire_date))) as avg_years_employed
FROM employees.department d
JOIN employees.department_employee de ON d.id = de.department_id
JOIN employees.employee e ON de.employee_id = e.id
JOIN employees.title t ON e.id = t.employee_id
JOIN employees.salary s ON e.id = s.employee_id
WHERE de.to_date = '9999-01-01'
AND t.to_date = '9999-01-01'
AND s.to_date = '9999-01-01'
AND e.hire_date > '1985-01-01'
GROUP BY d.dept_name, t.title
HAVING AVG(s.amount) > 60000
ORDER BY d.dept_name, avg_salary DESC;
----

-- complex_query_with_multiple_conditions.json --
[
  {
    "Plan": {
      "Node Type": "Incremental Sort",
      "Parallel Aware": false,
      "Async Capable": false,
      "Startup Cost": 57857.91,
      "Total Cost": 57866.73,
      "Plan Rows": 21,
      "Plan Width": 157,
      "Sort Key": ["d.dept_name", "(avg(s.amount)) DESC"],
      "Presorted Key": ["d.dept_name"],
      "Plans": [
        {
          "Node Type": "Aggregate",
          "Strategy": "Sorted",
          "Partial Mode": "Finalize",
          "Parent Relationship": "Outer",
          "Parallel Aware": false,
          "Async Capable": false,
          "Startup Cost": 57856.87,
          "Total Cost": 57866.16,
          "Plan Rows": 21,
          "Plan Width": 157,
          "Group Key": ["d.dept_name", "t.title"],
          "Filter": "(avg(s.amount) > '60000'::numeric)",
          "Plans": [
            {
              "Node Type": "Gather Merge",
              "Parent Relationship": "Outer",
              "Parallel Aware": false,
              "Async Capable": false,
              "Startup Cost": 57856.87,
              "Total Cost": 57864.11,
              "Plan Rows": 63,
              "Plan Width": 181,
              "Workers Planned": 1,
              "Plans": [
                {
                  "Node Type": "Sort",
                  "Parent Relationship": "Outer",
                  "Parallel Aware": false,
                  "Async Capable": false,
                  "Startup Cost": 56856.86,
                  "Total Cost": 56857.01,
                  "Plan Rows": 63,
                  "Plan Width": 181,
                  "Sort Key": ["d.dept_name", "t.title"],
                  "Plans": [
                    {
                      "Node Type": "Aggregate",
                      "Strategy": "Hashed",
                      "Partial Mode": "Partial",
                      "Parent Relationship": "Outer",
                      "Parallel Aware": false,
                      "Async Capable": false,
                      "Startup Cost": 56854.19,
                      "Total Cost": 56854.97,
                      "Plan Rows": 63,
                      "Plan Width": 181,
                      "Group Key": ["d.dept_name", "t.title"],
                      "Planned Partitions": 0,
                      "Plans": [
                        {
                          "Node Type": "Hash Join",
                          "Parent Relationship": "Outer",
                          "Parallel Aware": false,
                          "Async Capable": false,
                          "Join Type": "Inner",
                          "Startup Cost": 48420.83,
                          "Total Cost": 54579.04,
                          "Plan Rows": 91006,
                          "Plan Width": 121,
                          "Inner Unique": true,
                          "Hash Cond": "(de.department_id = d.id)",
                          "Plans": [
                            {
                              "Node Type": "Hash Join",
                              "Parent Relationship": "Outer",
                              "Parallel Aware": true,
                              "Async Capable": false,
                              "Join Type": "Inner",
                              "Startup Cost": 48419.62,
                              "Total Cost": 54226.45,
                              "Plan Rows": 91006,
                              "Plan Width": 28,
                              "Inner Unique": false,
                              "Hash Cond": "(e.id = de.employee_id)",
                              "Plans": [
                                {
                                  "Node Type": "Seq Scan",
                                  "Parent Relationship": "Outer",
                                  "Parallel Aware": true,
                                  "Async Capable": false,
                                  "Relation Name": "employee",
                                  "Alias": "e",
                                  "Startup Cost": 0.00,
                                  "Total Cost": 4710.06,
                                  "Plan Rows": 176468,
                                  "Plan Width": 12,
                                  "Filter": "(hire_date > '1985-01-01'::date)"
                                },
                                {
                                  "Node Type": "Hash",
                                  "Parent Relationship": "Inner",
                                  "Parallel Aware": true,
                                  "Async Capable": false,
                                  "Startup Cost": 47495.15,
                                  "Total Cost": 47495.15,
                                  "Plan Rows": 73958,
                                  "Plan Width": 48,
                                  "Plans": [
                                    {
                                      "Node Type": "Hash Join",
                                      "Parent Relationship": "Outer",
                                      "Parallel Aware": true,
                                      "Async Capable": false,
                                      "Join Type": "Inner",
                                      "Startup Cost": 41303.75,
                                      "Total Cost": 47495.15,
                                      "Plan Rows": 73958,
                                      "Plan Width": 48,
                                      "Inner Unique": false,
                                      "Hash Cond": "(t.employee_id = de.employee_id)",
                                      "Plans": [
                                        {
                                          "Node Type": "Seq Scan",
                                          "Parent Relationship": "Outer",
                                          "Parallel Aware": true,
                                          "Async Capable": false,
                                          "Relation Name": "title",
                                          "Alias": "t",
                                          "Startup Cost": 0.00,
                                          "Total Cost": 5508.90,
                                          "Plan Rows": 99824,
                                          "Plan Width": 19,
                                          "Filter": "(to_date = '9999-01-01'::date)"
                                        },
                                        {
                                          "Node Type": "Hash",
                                          "Parent Relationship": "Inner",
                                          "Parallel Aware": true,
                                          "Async Capable": false,
                                          "Startup Cost": 40222.85,
                                          "Total Cost": 40222.85,
                                          "Plan Rows": 86472,
                                          "Plan Width": 29,
                                          "Plans": [
                                            {
                                              "Node Type": "Hash Join",
                                              "Parent Relationship": "Outer",
                                              "Parallel Aware": true,
                                              "Async Capable": false,
                                              "Join Type": "Inner",
                                              "Startup Cost": 6362.98,
                                              "Total Cost": 40222.85,
                                              "Plan Rows": 86472,
                                              "Plan Width": 29,
                                              "Inner Unique": false,
                                              "Hash Cond": "(s.employee_id = de.employee_id)",
                                              "Plans": [
                                                {
                                                  "Node Type": "Seq Scan",
                                                  "Parent Relationship": "Outer",
                                                  "Parallel Aware": true,
                                                  "Async Capable": false,
                                                  "Relation Name": "salary",
                                                  "Alias": "s",
                                                  "Startup Cost": 0.00,
                                                  "Total Cost": 32972.74,
                                                  "Plan Rows": 100924,
                                                  "Plan Width": 16,
                                                  "Filter": "(to_date = '9999-01-01'::date)"
                                                },
                                                {
                                                  "Node Type": "Hash",
                                                  "Parent Relationship": "Inner",
                                                  "Parallel Aware": true,
                                                  "Async Capable": false,
                                                  "Startup Cost": 4598.26,
                                                  "Total Cost": 4598.26,
                                                  "Plan Rows": 141178,
                                                  "Plan Width": 13,
                                                  "Plans": [
                                                    {
                                                      "Node Type": "Seq Scan",
                                                      "Parent Relationship": "Outer",
                                                      "Parallel Aware": true,
                                                      "Async Capable": false,
                                                      "Relation Name": "department_employee",
                                                      "Alias": "de",
                                                      "Startup Cost": 0.00,
                                                      "Total Cost": 4598.26,
                                                      "Plan Rows": 141178,
                                                      "Plan Width": 13,
                                                      "Filter": "(to_date = '9999-01-01'::date)"
                                                    }
                                                  ]
                                                }
                                              ]
                                            }
                                          ]
                                        }
                                      ]
                                    }
                                  ]
                                }
                              ]
                            },
                            {
                              "Node Type": "Hash",
                              "Parent Relationship": "Inner",
                              "Parallel Aware": false,
                              "Async Capable": false,
                              "Startup Cost": 1.09,
                              "Total Cost": 1.09,
                              "Plan Rows": 9,
                              "Plan Width": 118,
                              "Plans": [
                                {
                                  "Node Type": "Seq Scan",
                                  "Parent Relationship": "Outer",
                                  "Parallel Aware": false,
                                  "Async Capable": false,
                                  "Relation Name": "department",
                                  "Alias": "d",
                                  "Startup Cost": 0.00,
                                  "Total Cost": 1.09,
                                  "Plan Rows": 9,
                                  "Plan Width": 118
                                }
                              ]
                            }
                          ]
                        }
                      ]
                    }
                  ]
                }
              ]
            }
          ]
        }
      ]
    }
  }
]
