Generated by run_postgres_queries.sh
PostgresSQL Explain JSON generated from the query:

----
EXPLAIN (FORMAT JSON) SELECT 
    EXTRACT(YEAR FROM hire_date) as hire_year,
    COUNT(*) as total_hires,
    SUM(CASE WHEN gender = 'M' THEN 1 ELSE 0 END) as male_hires,
    SUM(CASE WHEN gender = 'F' THEN 1 ELSE 0 END) as female_hires
FROM employees.employee
GROUP BY hire_year
ORDER BY hire_year;
----

-- conditional_aggregation_with_case.json --
[
  {
    "Plan": {
      "Node Type": "Aggregate",
      "Strategy": "Sorted",
      "Partial Mode": "Finalize",
      "Parallel Aware": false,
      "Async Capable": false,
      "Startup Cost": 8732.32,
      "Total Cost": 9428.75,
      "Plan Rows": 5065,
      "Plan Width": 56,
      "Group Key": ["(EXTRACT(year FROM hire_date))"],
      "Plans": [
        {
          "Node Type": "Gather Merge",
          "Parent Relationship": "Outer",
          "Parallel Aware": false,
          "Async Capable": false,
          "Startup Cost": 8732.32,
          "Total Cost": 9314.79,
          "Plan Rows": 5065,
          "Plan Width": 56,
          "Workers Planned": 1,
          "Plans": [
            {
              "Node Type": "Sort",
              "Parent Relationship": "Outer",
              "Parallel Aware": false,
              "Async Capable": false,
              "Startup Cost": 7732.31,
              "Total Cost": 7744.97,
              "Plan Rows": 5065,
              "Plan Width": 56,
              "Sort Key": ["(EXTRACT(year FROM hire_date))"],
              "Plans": [
                {
                  "Node Type": "Aggregate",
                  "Strategy": "Hashed",
                  "Partial Mode": "Partial",
                  "Parent Relationship": "Outer",
                  "Parallel Aware": false,
                  "Async Capable": false,
                  "Startup Cost": 7357.33,
                  "Total Cost": 7420.65,
                  "Plan Rows": 5065,
                  "Plan Width": 56,
                  "Group Key": ["EXTRACT(year FROM hire_date)"],
                  "Planned Partitions": 0,
                  "Plans": [
                    {
                      "Node Type": "Seq Scan",
                      "Parent Relationship": "Outer",
                      "Parallel Aware": true,
                      "Async Capable": false,
                      "Relation Name": "employee",
                      "Alias": "employee",
                      "Startup Cost": 0.00,
                      "Total Cost": 4710.06,
                      "Plan Rows": 176485,
                      "Plan Width": 36
                    }
                  ]
                }
              ]
            }
          ]
        }
      ]
    }
  }
]
