Generated by run_postgres_queries.sh
PostgresSQL Explain JSON generated from the query:

----
EXPLAIN (FORMAT JSON) SELECT e.first_name, e.last_name, t.title
FROM employees.employee e
JOIN employees.title t ON e.id = t.employee_id
WHERE t.to_date = '9999-01-01'
AND t.title IN (
    SELECT title FROM employees.title 
    WHERE employee_id IN (
        SELECT employee_id FROM employees.salary 
        WHERE amount > 100000 
        AND to_date = '9999-01-01'
    )
);
----

-- correlated_subquery.json --
[
  {
    "Plan": {
      "Node Type": "Hash Join",
      "Parallel Aware": false,
      "Async Capable": false,
      "Join Type": "Inner",
      "Startup Cost": 55040.40,
      "Total Cost": 72270.85,
      "Plan Rows": 239578,
      "Plan Width": 26,
      "Inner Unique": true,
      "Hash Cond": "(t.employee_id = e.id)",
      "Plans": [
        {
          "Node Type": "Hash Join",
          "Parent Relationship": "Outer",
          "Parallel Aware": false,
          "Async Capable": false,
          "Join Type": "Inner",
          "Startup Cost": 44027.86,
          "Total Cost": 56063.41,
          "Plan Rows": 239578,
          "Plan Width": 19,
          "Inner Unique": true,
          "Hash Cond": "((t.title)::text = (title.title)::text)",
          "Plans": [
            {
              "Node Type": "Seq Scan",
              "Parent Relationship": "Outer",
              "Parallel Aware": false,
              "Async Capable": false,
              "Relation Name": "title",
              "Alias": "t",
              "Startup Cost": 0.00,
              "Total Cost": 8741.35,
              "Plan Rows": 239578,
              "Plan Width": 19,
              "Filter": "(to_date = '9999-01-01'::date)"
            },
            {
              "Node Type": "Hash",
              "Parent Relationship": "Inner",
              "Parallel Aware": false,
              "Async Capable": false,
              "Startup Cost": 44027.77,
              "Total Cost": 44027.77,
              "Plan Rows": 7,
              "Plan Width": 11,
              "Plans": [
                {
                  "Node Type": "Aggregate",
                  "Strategy": "Hashed",
                  "Partial Mode": "Simple",
                  "Parent Relationship": "Outer",
                  "Parallel Aware": false,
                  "Async Capable": false,
                  "Startup Cost": 44027.70,
                  "Total Cost": 44027.77,
                  "Plan Rows": 7,
                  "Plan Width": 11,
                  "Group Key": ["(title.title)::text"],
                  "Planned Partitions": 0,
                  "Plans": [
                    {
                      "Node Type": "Gather",
                      "Parent Relationship": "Outer",
                      "Parallel Aware": false,
                      "Async Capable": false,
                      "Startup Cost": 36979.44,
                      "Total Cost": 43993.00,
                      "Plan Rows": 13883,
                      "Plan Width": 11,
                      "Workers Planned": 2,
                      "Single Copy": false,
                      "Plans": [
                        {
                          "Node Type": "Hash Join",
                          "Parent Relationship": "Outer",
                          "Parallel Aware": true,
                          "Async Capable": false,
                          "Join Type": "Semi",
                          "Startup Cost": 35979.44,
                          "Total Cost": 41604.70,
                          "Plan Rows": 5785,
                          "Plan Width": 11,
                          "Inner Unique": false,
                          "Hash Cond": "(title.employee_id = salary.employee_id)",
                          "Plans": [
                            {
                              "Node Type": "Seq Scan",
                              "Parent Relationship": "Outer",
                              "Parallel Aware": true,
                              "Async Capable": false,
                              "Relation Name": "title",
                              "Alias": "title",
                              "Startup Cost": 0.00,
                              "Total Cost": 5047.12,
                              "Plan Rows": 184712,
                              "Plan Width": 19
                            },
                            {
                              "Node Type": "Hash",
                              "Parent Relationship": "Inner",
                              "Parallel Aware": true,
                              "Async Capable": false,
                              "Startup Cost": 35935.29,
                              "Total Cost": 35935.29,
                              "Plan Rows": 3532,
                              "Plan Width": 8,
                              "Plans": [
                                {
                                  "Node Type": "Seq Scan",
                                  "Parent Relationship": "Outer",
                                  "Parallel Aware": true,
                                  "Async Capable": false,
                                  "Relation Name": "salary",
                                  "Alias": "salary",
                                  "Startup Cost": 0.00,
                                  "Total Cost": 35935.29,
                                  "Plan Rows": 3532,
                                  "Plan Width": 8,
                                  "Filter": "((amount > 100000) AND (to_date = '9999-01-01'::date))"
                                }
                              ]
                            }
                          ]
                        }
                      ]
                    }
                  ]
                }
              ]
            }
          ]
        },
        {
          "Node Type": "Hash",
          "Parent Relationship": "Inner",
          "Parallel Aware": false,
          "Async Capable": false,
          "Startup Cost": 5504.24,
          "Total Cost": 5504.24,
          "Plan Rows": 300024,
          "Plan Width": 23,
          "Plans": [
            {
              "Node Type": "Seq Scan",
              "Parent Relationship": "Outer",
              "Parallel Aware": false,
              "Async Capable": false,
              "Relation Name": "employee",
              "Alias": "e",
              "Startup Cost": 0.00,
              "Total Cost": 5504.24,
              "Plan Rows": 300024,
              "Plan Width": 23
            }
          ]
        }
      ]
    }
  }
]
