Generated by run_postgres_queries.sh
PostgresSQL Explain JSON generated from the query:

----
EXPLAIN (FORMAT JSON) SELECT 
    dept_salary_stats.dept_name,
    dept_salary_stats.avg_salary,
    e.first_name,
    e.last_name,
    s.amount
FROM (
    SELECT 
        d.id,
        d.dept_name,
        AVG(s.amount) as avg_salary
    FROM employees.department d
    JOIN employees.department_employee de ON d.id = de.department_id
    JOIN employees.salary s ON de.employee_id = s.employee_id
    WHERE de.to_date = '9999-01-01'
    AND s.to_date = '9999-01-01'
    GROUP BY d.id, d.dept_name
) dept_salary_stats
JOIN employees.department_employee de ON dept_salary_stats.id = de.department_id
JOIN employees.employee e ON de.employee_id  = e.id
JOIN employees.salary s ON e.id = s.employee_id
WHERE de.to_date = '9999-01-01'
AND s.to_date = '9999-01-01'
AND s.amount > dept_salary_stats.avg_salary;
----

-- derived_table_with_aggregates.json --
[
  {
    "Plan": {
      "Node Type": "Hash Join",
      "Parallel Aware": false,
      "Async Capable": false,
      "Join Type": "Inner",
      "Startup Cost": 84296.87,
      "Total Cost": 112745.32,
      "Plan Rows": 64587,
      "Plan Width": 153,
      "Inner Unique": false,
      "Hash Cond": "(de.department_id = dept_salary_stats.id)",
      "Join Filter": "((s.amount)::numeric > dept_salary_stats.avg_salary)",
      "Plans": [
        {
          "Node Type": "Gather",
          "Parent Relationship": "Outer",
          "Parallel Aware": false,
          "Async Capable": false,
          "Startup Cost": 42303.75,
          "Total Cost": 67119.18,
          "Plan Rows": 193761,
          "Plan Width": 28,
          "Workers Planned": 1,
          "Single Copy": false,
          "Plans": [
            {
              "Node Type": "Hash Join",
              "Parent Relationship": "Outer",
              "Parallel Aware": true,
              "Async Capable": false,
              "Join Type": "Inner",
              "Startup Cost": 41303.75,
              "Total Cost": 46743.08,
              "Plan Rows": 113977,
              "Plan Width": 28,
              "Inner Unique": false,
              "Hash Cond": "(e.id = de.employee_id)",
              "Plans": [
                {
                  "Node Type": "Seq Scan",
                  "Parent Relationship": "Outer",
                  "Parallel Aware": true,
                  "Async Capable": false,
                  "Relation Name": "employee",
                  "Alias": "e",
                  "Startup Cost": 0.00,
                  "Total Cost": 4268.85,
                  "Plan Rows": 176485,
                  "Plan Width": 23
                },
                {
                  "Node Type": "Hash",
                  "Parent Relationship": "Inner",
                  "Parallel Aware": true,
                  "Async Capable": false,
                  "Startup Cost": 40222.85,
                  "Total Cost": 40222.85,
                  "Plan Rows": 86472,
                  "Plan Width": 29,
                  "Plans": [
                    {
                      "Node Type": "Hash Join",
                      "Parent Relationship": "Outer",
                      "Parallel Aware": true,
                      "Async Capable": false,
                      "Join Type": "Inner",
                      "Startup Cost": 6362.98,
                      "Total Cost": 40222.85,
                      "Plan Rows": 86472,
                      "Plan Width": 29,
                      "Inner Unique": false,
                      "Hash Cond": "(s.employee_id = de.employee_id)",
                      "Plans": [
                        {
                          "Node Type": "Seq Scan",
                          "Parent Relationship": "Outer",
                          "Parallel Aware": true,
                          "Async Capable": false,
                          "Relation Name": "salary",
                          "Alias": "s",
                          "Startup Cost": 0.00,
                          "Total Cost": 32972.74,
                          "Plan Rows": 100924,
                          "Plan Width": 16,
                          "Filter": "(to_date = '9999-01-01'::date)"
                        },
                        {
                          "Node Type": "Hash",
                          "Parent Relationship": "Inner",
                          "Parallel Aware": true,
                          "Async Capable": false,
                          "Startup Cost": 4598.26,
                          "Total Cost": 4598.26,
                          "Plan Rows": 141178,
                          "Plan Width": 13,
                          "Plans": [
                            {
                              "Node Type": "Seq Scan",
                              "Parent Relationship": "Outer",
                              "Parallel Aware": true,
                              "Async Capable": false,
                              "Relation Name": "department_employee",
                              "Alias": "de",
                              "Startup Cost": 0.00,
                              "Total Cost": 4598.26,
                              "Plan Rows": 141178,
                              "Plan Width": 13,
                              "Filter": "(to_date = '9999-01-01'::date)"
                            }
                          ]
                        }
                      ]
                    }
                  ]
                }
              ]
            }
          ]
        },
        {
          "Node Type": "Hash",
          "Parent Relationship": "Inner",
          "Parallel Aware": false,
          "Async Capable": false,
          "Startup Cost": 41993.01,
          "Total Cost": 41993.01,
          "Plan Rows": 9,
          "Plan Width": 150,
          "Plans": [
            {
              "Node Type": "Subquery Scan",
              "Parent Relationship": "Outer",
              "Parallel Aware": false,
              "Async Capable": false,
              "Alias": "dept_salary_stats",
              "Startup Cost": 41990.57,
              "Total Cost": 41993.01,
              "Plan Rows": 9,
              "Plan Width": 150,
              "Plans": [
                {
                  "Node Type": "Aggregate",
                  "Strategy": "Sorted",
                  "Partial Mode": "Finalize",
                  "Parent Relationship": "Subquery",
                  "Parallel Aware": false,
                  "Async Capable": false,
                  "Startup Cost": 41990.57,
                  "Total Cost": 41992.92,
                  "Plan Rows": 9,
                  "Plan Width": 150,
                  "Group Key": ["d.id"],
                  "Plans": [
                    {
                      "Node Type": "Gather Merge",
                      "Parent Relationship": "Outer",
                      "Parallel Aware": false,
                      "Async Capable": false,
                      "Startup Cost": 41990.57,
                      "Total Cost": 41992.67,
                      "Plan Rows": 18,
                      "Plan Width": 150,
                      "Workers Planned": 2,
                      "Plans": [
                        {
                          "Node Type": "Sort",
                          "Parent Relationship": "Outer",
                          "Parallel Aware": false,
                          "Async Capable": false,
                          "Startup Cost": 40990.55,
                          "Total Cost": 40990.57,
                          "Plan Rows": 9,
                          "Plan Width": 150,
                          "Sort Key": ["d.id"],
                          "Plans": [
                            {
                              "Node Type": "Aggregate",
                              "Strategy": "Hashed",
                              "Partial Mode": "Partial",
                              "Parent Relationship": "Outer",
                              "Parallel Aware": false,
                              "Async Capable": false,
                              "Startup Cost": 40990.29,
                              "Total Cost": 40990.41,
                              "Plan Rows": 9,
                              "Plan Width": 150,
                              "Group Key": ["d.id"],
                              "Planned Partitions": 0,
                              "Plans": [
                                {
                                  "Node Type": "Hash Join",
                                  "Parent Relationship": "Outer",
                                  "Parallel Aware": false,
                                  "Async Capable": false,
                                  "Join Type": "Inner",
                                  "Startup Cost": 6364.18,
                                  "Total Cost": 40557.93,
                                  "Plan Rows": 86472,
                                  "Plan Width": 126,
                                  "Inner Unique": true,
                                  "Hash Cond": "(de_1.department_id = d.id)",
                                  "Plans": [
                                    {
                                      "Node Type": "Hash Join",
                                      "Parent Relationship": "Outer",
                                      "Parallel Aware": true,
                                      "Async Capable": false,
                                      "Join Type": "Inner",
                                      "Startup Cost": 6362.98,
                                      "Total Cost": 40222.85,
                                      "Plan Rows": 86472,
                                      "Plan Width": 13,
                                      "Inner Unique": false,
                                      "Hash Cond": "(s_1.employee_id = de_1.employee_id)",
                                      "Plans": [
                                        {
                                          "Node Type": "Seq Scan",
                                          "Parent Relationship": "Outer",
                                          "Parallel Aware": true,
                                          "Async Capable": false,
                                          "Relation Name": "salary",
                                          "Alias": "s_1",
                                          "Startup Cost": 0.00,
                                          "Total Cost": 32972.74,
                                          "Plan Rows": 100924,
                                          "Plan Width": 16,
                                          "Filter": "(to_date = '9999-01-01'::date)"
                                        },
                                        {
                                          "Node Type": "Hash",
                                          "Parent Relationship": "Inner",
                                          "Parallel Aware": true,
                                          "Async Capable": false,
                                          "Startup Cost": 4598.26,
                                          "Total Cost": 4598.26,
                                          "Plan Rows": 141178,
                                          "Plan Width": 13,
                                          "Plans": [
                                            {
                                              "Node Type": "Seq Scan",
                                              "Parent Relationship": "Outer",
                                              "Parallel Aware": true,
                                              "Async Capable": false,
                                              "Relation Name": "department_employee",
                                              "Alias": "de_1",
                                              "Startup Cost": 0.00,
                                              "Total Cost": 4598.26,
                                              "Plan Rows": 141178,
                                              "Plan Width": 13,
                                              "Filter": "(to_date = '9999-01-01'::date)"
                                            }
                                          ]
                                        }
                                      ]
                                    },
                                    {
                                      "Node Type": "Hash",
                                      "Parent Relationship": "Inner",
                                      "Parallel Aware": false,
                                      "Async Capable": false,
                                      "Startup Cost": 1.09,
                                      "Total Cost": 1.09,
                                      "Plan Rows": 9,
                                      "Plan Width": 118,
                                      "Plans": [
                                        {
                                          "Node Type": "Seq Scan",
                                          "Parent Relationship": "Outer",
                                          "Parallel Aware": false,
                                          "Async Capable": false,
                                          "Relation Name": "department",
                                          "Alias": "d",
                                          "Startup Cost": 0.00,
                                          "Total Cost": 1.09,
                                          "Plan Rows": 9,
                                          "Plan Width": 118
                                        }
                                      ]
                                    }
                                  ]
                                }
                              ]
                            }
                          ]
                        }
                      ]
                    }
                  ]
                }
              ]
            }
          ]
        }
      ]
    },
    "JIT": {
      "Functions": 60,
      "Options": {
        "Inlining": false,
        "Optimization": false,
        "Expressions": true,
        "Deforming": true
      }
    }
  }
]
