Generated by run_postgres_queries.sh
PostgresSQL Explain JSON generated from the query:

----
EXPLAIN (FORMAT JSON) SELECT DISTINCT d.dept_name, t.title
FROM employees.department d
JOIN employees.department_employee de ON d.id = de.department_id
JOIN employees.title t ON de.employee_id = t.employee_id
WHERE de.to_date = '9999-01-01'
AND t.to_date = '9999-01-01'
ORDER BY d.dept_name, t.title;
----

-- distinct_with_multiple_joins.json --
[
  {
    "Plan": {
      "Node Type": "Unique",
      "Parallel Aware": false,
      "Async Capable": false,
      "Startup Cost": 14461.16,
      "Total Cost": 14468.72,
      "Plan Rows": 63,
      "Plan Width": 109,
      "Plans": [
        {
          "Node Type": "Gather Merge",
          "Parent Relationship": "Outer",
          "Parallel Aware": false,
          "Async Capable": false,
          "Startup Cost": 14461.16,
          "Total Cost": 14468.41,
          "Plan Rows": 63,
          "Plan Width": 109,
          "Workers Planned": 1,
          "Plans": [
            {
              "Node Type": "Sort",
              "Parent Relationship": "Outer",
              "Parallel Aware": false,
              "Async Capable": false,
              "Startup Cost": 13461.15,
              "Total Cost": 13461.31,
              "Plan Rows": 63,
              "Plan Width": 109,
              "Sort Key": ["d.dept_name", "t.title"],
              "Plans": [
                {
                  "Node Type": "Aggregate",
                  "Strategy": "Hashed",
                  "Partial Mode": "Simple",
                  "Parent Relationship": "Outer",
                  "Parallel Aware": false,
                  "Async Capable": false,
                  "Startup Cost": 13458.64,
                  "Total Cost": 13459.27,
                  "Plan Rows": 63,
                  "Plan Width": 109,
                  "Group Key": ["d.dept_name", "t.title"],
                  "Planned Partitions": 0,
                  "Plans": [
                    {
                      "Node Type": "Hash Join",
                      "Parent Relationship": "Outer",
                      "Parallel Aware": false,
                      "Async Capable": false,
                      "Join Type": "Inner",
                      "Startup Cost": 6757.90,
                      "Total Cost": 12854.90,
                      "Plan Rows": 120748,
                      "Plan Width": 109,
                      "Inner Unique": true,
                      "Hash Cond": "(de.department_id = d.id)",
                      "Plans": [
                        {
                          "Node Type": "Hash Join",
                          "Parent Relationship": "Outer",
                          "Parallel Aware": true,
                          "Async Capable": false,
                          "Join Type": "Inner",
                          "Startup Cost": 6756.70,
                          "Total Cost": 12387.48,
                          "Plan Rows": 120748,
                          "Plan Width": 16,
                          "Inner Unique": false,
                          "Hash Cond": "(de.employee_id = t.employee_id)",
                          "Plans": [
                            {
                              "Node Type": "Seq Scan",
                              "Parent Relationship": "Outer",
                              "Parallel Aware": true,
                              "Async Capable": false,
                              "Relation Name": "department_employee",
                              "Alias": "de",
                              "Startup Cost": 0.00,
                              "Total Cost": 4598.26,
                              "Plan Rows": 141178,
                              "Plan Width": 13,
                              "Filter": "(to_date = '9999-01-01'::date)"
                            },
                            {
                              "Node Type": "Hash",
                              "Parent Relationship": "Inner",
                              "Parallel Aware": true,
                              "Async Capable": false,
                              "Startup Cost": 5508.90,
                              "Total Cost": 5508.90,
                              "Plan Rows": 99824,
                              "Plan Width": 19,
                              "Plans": [
                                {
                                  "Node Type": "Seq Scan",
                                  "Parent Relationship": "Outer",
                                  "Parallel Aware": true,
                                  "Async Capable": false,
                                  "Relation Name": "title",
                                  "Alias": "t",
                                  "Startup Cost": 0.00,
                                  "Total Cost": 5508.90,
                                  "Plan Rows": 99824,
                                  "Plan Width": 19,
                                  "Filter": "(to_date = '9999-01-01'::date)"
                                }
                              ]
                            }
                          ]
                        },
                        {
                          "Node Type": "Hash",
                          "Parent Relationship": "Inner",
                          "Parallel Aware": false,
                          "Async Capable": false,
                          "Startup Cost": 1.09,
                          "Total Cost": 1.09,
                          "Plan Rows": 9,
                          "Plan Width": 118,
                          "Plans": [
                            {
                              "Node Type": "Seq Scan",
                              "Parent Relationship": "Outer",
                              "Parallel Aware": false,
                              "Async Capable": false,
                              "Relation Name": "department",
                              "Alias": "d",
                              "Startup Cost": 0.00,
                              "Total Cost": 1.09,
                              "Plan Rows": 9,
                              "Plan Width": 118
                            }
                          ]
                        }
                      ]
                    }
                  ]
                }
              ]
            }
          ]
        }
      ]
    }
  }
]
