Generated by run_postgres_queries.sh
PostgresSQL Explain JSON generated from the query:

----
EXPLAIN (FORMAT JSON) SELECT d.dept_name, COUNT(de.employee_id)
FROM employees.department d
JOIN employees.department_employee de ON d.id = de.department_id
WHERE de.to_date = '9999-01-01'
GROUP BY d.dept_name
HAVING COUNT(de.employee_id) > 25000;
----

-- group_by_with_having.json --
[
  {
    "Plan": {
      "Node Type": "Aggregate",
      "Strategy": "Sorted",
      "Partial Mode": "Finalize",
      "Parallel Aware": false,
      "Async Capable": false,
      "Startup Cost": 6850.69,
      "Total Cost": 6851.88,
      "Plan Rows": 3,
      "Plan Width": 106,
      "Group Key": ["d.dept_name"],
      "Filter": "(count(de.employee_id) > 25000)",
      "Plans": [
        {
          "Node Type": "Gather Merge",
          "Parent Relationship": "Outer",
          "Parallel Aware": false,
          "Async Capable": false,
          "Startup Cost": 6850.69,
          "Total Cost": 6851.73,
          "Plan Rows": 9,
          "Plan Width": 106,
          "Workers Planned": 1,
          "Plans": [
            {
              "Node Type": "Sort",
              "Parent Relationship": "Outer",
              "Parallel Aware": false,
              "Async Capable": false,
              "Startup Cost": 5850.68,
              "Total Cost": 5850.70,
              "Plan Rows": 9,
              "Plan Width": 106,
              "Sort Key": ["d.dept_name"],
              "Plans": [
                {
                  "Node Type": "Aggregate",
                  "Strategy": "Hashed",
                  "Partial Mode": "Partial",
                  "Parent Relationship": "Outer",
                  "Parallel Aware": false,
                  "Async Capable": false,
                  "Startup Cost": 5850.45,
                  "Total Cost": 5850.54,
                  "Plan Rows": 9,
                  "Plan Width": 106,
                  "Group Key": ["d.dept_name"],
                  "Planned Partitions": 0,
                  "Plans": [
                    {
                      "Node Type": "Hash Join",
                      "Parent Relationship": "Outer",
                      "Parallel Aware": false,
                      "Async Capable": false,
                      "Join Type": "Inner",
                      "Startup Cost": 1.20,
                      "Total Cost": 5144.56,
                      "Plan Rows": 141178,
                      "Plan Width": 106,
                      "Inner Unique": true,
                      "Hash Cond": "(de.department_id = d.id)",
                      "Plans": [
                        {
                          "Node Type": "Seq Scan",
                          "Parent Relationship": "Outer",
                          "Parallel Aware": true,
                          "Async Capable": false,
                          "Relation Name": "department_employee",
                          "Alias": "de",
                          "Startup Cost": 0.00,
                          "Total Cost": 4598.26,
                          "Plan Rows": 141178,
                          "Plan Width": 13,
                          "Filter": "(to_date = '9999-01-01'::date)"
                        },
                        {
                          "Node Type": "Hash",
                          "Parent Relationship": "Inner",
                          "Parallel Aware": false,
                          "Async Capable": false,
                          "Startup Cost": 1.09,
                          "Total Cost": 1.09,
                          "Plan Rows": 9,
                          "Plan Width": 118,
                          "Plans": [
                            {
                              "Node Type": "Seq Scan",
                              "Parent Relationship": "Outer",
                              "Parallel Aware": false,
                              "Async Capable": false,
                              "Relation Name": "department",
                              "Alias": "d",
                              "Startup Cost": 0.00,
                              "Total Cost": 1.09,
                              "Plan Rows": 9,
                              "Plan Width": 118
                            }
                          ]
                        }
                      ]
                    }
                  ]
                }
              ]
            }
          ]
        }
      ]
    }
  }
]
