Generated by run_postgres_queries.sh
PostgresSQL Explain JSON generated from the query:

----
EXPLAIN (FORMAT JSON) SELECT e.first_name, e.last_name, d.dept_name
FROM employees.employee e
JOIN employees.department_employee de ON e.id = de.employee_id
JOIN employees.department d ON de.department_id = d.id
WHERE de.to_date = '9999-01-01'
ORDER BY e.last_name, e.first_name;
----

-- join_and_order.json --
[
  {
    "Plan": {
      "Node Type": "Gather Merge",
      "Parallel Aware": false,
      "Async Capable": false,
      "Startup Cost": 34433.19,
      "Total Cost": 50668.66,
      "Plan Rows": 141178,
      "Plan Width": 113,
      "Workers Planned": 1,
      "Plans": [
        {
          "Node Type": "Sort",
          "Parent Relationship": "Outer",
          "Parallel Aware": false,
          "Async Capable": false,
          "Startup Cost": 33433.18,
          "Total Cost": 33786.12,
          "Plan Rows": 141178,
          "Plan Width": 113,
          "Sort Key": ["e.last_name", "e.first_name"],
          "Plans": [
            {
              "Node Type": "Hash Join",
              "Parent Relationship": "Outer",
              "Parallel Aware": false,
              "Async Capable": false,
              "Join Type": "Inner",
              "Startup Cost": 6364.18,
              "Total Cost": 12670.41,
              "Plan Rows": 141178,
              "Plan Width": 113,
              "Inner Unique": true,
              "Hash Cond": "(de.department_id = d.id)",
              "Plans": [
                {
                  "Node Type": "Hash Join",
                  "Parent Relationship": "Outer",
                  "Parallel Aware": true,
                  "Async Capable": false,
                  "Join Type": "Inner",
                  "Startup Cost": 6362.98,
                  "Total Cost": 12124.11,
                  "Plan Rows": 141178,
                  "Plan Width": 20,
                  "Inner Unique": false,
                  "Hash Cond": "(e.id = de.employee_id)",
                  "Plans": [
                    {
                      "Node Type": "Seq Scan",
                      "Parent Relationship": "Outer",
                      "Parallel Aware": true,
                      "Async Capable": false,
                      "Relation Name": "employee",
                      "Alias": "e",
                      "Startup Cost": 0.00,
                      "Total Cost": 4268.85,
                      "Plan Rows": 176485,
                      "Plan Width": 23
                    },
                    {
                      "Node Type": "Hash",
                      "Parent Relationship": "Inner",
                      "Parallel Aware": true,
                      "Async Capable": false,
                      "Startup Cost": 4598.26,
                      "Total Cost": 4598.26,
                      "Plan Rows": 141178,
                      "Plan Width": 13,
                      "Plans": [
                        {
                          "Node Type": "Seq Scan",
                          "Parent Relationship": "Outer",
                          "Parallel Aware": true,
                          "Async Capable": false,
                          "Relation Name": "department_employee",
                          "Alias": "de",
                          "Startup Cost": 0.00,
                          "Total Cost": 4598.26,
                          "Plan Rows": 141178,
                          "Plan Width": 13,
                          "Filter": "(to_date = '9999-01-01'::date)"
                        }
                      ]
                    }
                  ]
                },
                {
                  "Node Type": "Hash",
                  "Parent Relationship": "Inner",
                  "Parallel Aware": false,
                  "Async Capable": false,
                  "Startup Cost": 1.09,
                  "Total Cost": 1.09,
                  "Plan Rows": 9,
                  "Plan Width": 118,
                  "Plans": [
                    {
                      "Node Type": "Seq Scan",
                      "Parent Relationship": "Outer",
                      "Parallel Aware": false,
                      "Async Capable": false,
                      "Relation Name": "department",
                      "Alias": "d",
                      "Startup Cost": 0.00,
                      "Total Cost": 1.09,
                      "Plan Rows": 9,
                      "Plan Width": 118
                    }
                  ]
                }
              ]
            }
          ]
        }
      ]
    }
  }
]
