Generated by run_postgres_queries.sh
PostgresSQL Explain JSON generated from the query:

----
EXPLAIN (FORMAT JSON) SELECT t.title, 
       COUNT(*) as employee_count,
       AVG(s.amount) as avg_salary,
       MIN(s.amount) as min_salary,
       MAX(s.amount) as max_salary
FROM employees.title t
JOIN employees.salary s ON t.employee_id = s.employee_id
WHERE t.to_date = '9999-01-01'
AND s.to_date = '9999-01-01'
GROUP BY t.title
HAVING AVG(s.amount) > 60000;
----

-- multiple_aggregate_functions_with_having.json --
[
  {
    "Plan": {
      "Node Type": "Aggregate",
      "Strategy": "Sorted",
      "Partial Mode": "Finalize",
      "Parallel Aware": false,
      "Async Capable": false,
      "Startup Cost": 42597.01,
      "Total Cost": 42598.96,
      "Plan Rows": 2,
      "Plan Width": 67,
      "Group Key": ["t.title"],
      "Filter": "(avg(s.amount) > '60000'::numeric)",
      "Plans": [
        {
          "Node Type": "Gather Merge",
          "Parent Relationship": "Outer",
          "Parallel Aware": false,
          "Async Capable": false,
          "Startup Cost": 42597.01,
          "Total Cost": 42598.64,
          "Plan Rows": 14,
          "Plan Width": 67,
          "Workers Planned": 2,
          "Plans": [
            {
              "Node Type": "Sort",
              "Parent Relationship": "Outer",
              "Parallel Aware": false,
              "Async Capable": false,
              "Startup Cost": 41596.99,
              "Total Cost": 41597.00,
              "Plan Rows": 7,
              "Plan Width": 67,
              "Sort Key": ["t.title"],
              "Plans": [
                {
                  "Node Type": "Aggregate",
                  "Strategy": "Hashed",
                  "Partial Mode": "Partial",
                  "Parent Relationship": "Outer",
                  "Parallel Aware": false,
                  "Async Capable": false,
                  "Startup Cost": 41596.80,
                  "Total Cost": 41596.89,
                  "Plan Rows": 7,
                  "Plan Width": 67,
                  "Group Key": ["t.title"],
                  "Planned Partitions": 0,
                  "Plans": [
                    {
                      "Node Type": "Hash Join",
                      "Parent Relationship": "Outer",
                      "Parallel Aware": true,
                      "Async Capable": false,
                      "Join Type": "Inner",
                      "Startup Cost": 6756.70,
                      "Total Cost": 40480.13,
                      "Plan Rows": 89334,
                      "Plan Width": 19,
                      "Inner Unique": false,
                      "Hash Cond": "(s.employee_id = t.employee_id)",
                      "Plans": [
                        {
                          "Node Type": "Seq Scan",
                          "Parent Relationship": "Outer",
                          "Parallel Aware": true,
                          "Async Capable": false,
                          "Relation Name": "salary",
                          "Alias": "s",
                          "Startup Cost": 0.00,
                          "Total Cost": 32972.74,
                          "Plan Rows": 100924,
                          "Plan Width": 16,
                          "Filter": "(to_date = '9999-01-01'::date)"
                        },
                        {
                          "Node Type": "Hash",
                          "Parent Relationship": "Inner",
                          "Parallel Aware": true,
                          "Async Capable": false,
                          "Startup Cost": 5508.90,
                          "Total Cost": 5508.90,
                          "Plan Rows": 99824,
                          "Plan Width": 19,
                          "Plans": [
                            {
                              "Node Type": "Seq Scan",
                              "Parent Relationship": "Outer",
                              "Parallel Aware": true,
                              "Async Capable": false,
                              "Relation Name": "title",
                              "Alias": "t",
                              "Startup Cost": 0.00,
                              "Total Cost": 5508.90,
                              "Plan Rows": 99824,
                              "Plan Width": 19,
                              "Filter": "(to_date = '9999-01-01'::date)"
                            }
                          ]
                        }
                      ]
                    }
                  ]
                }
              ]
            }
          ]
        }
      ]
    }
  }
]
