Generated by run_postgres_queries.sh
PostgresSQL Explain JSON generated from the query:

----
EXPLAIN (FORMAT JSON) SELECT e.first_name, e.last_name, 
       DATE_PART('year', AGE(CURRENT_DATE, e.hire_date)) as years_employed,
       d.dept_name
FROM employees.employee e
JOIN employees.department_employee de ON e.id = de.employee_id
JOIN employees.department d ON de.department_id = d.id
WHERE de.to_date = '9999-01-01'
AND EXTRACT(YEAR FROM e.hire_date) = 1985;
----

-- multiple_joins_with_date_functions.json --
[
  {
    "Plan": {
      "Node Type": "Gather",
      "Parallel Aware": false,
      "Async Capable": false,
      "Startup Cost": 6163.50,
      "Total Cost": 11263.89,
      "Plan Rows": 1200,
      "Plan Width": 121,
      "Workers Planned": 1,
      "Single Copy": false,
      "Plans": [
        {
          "Node Type": "Hash Join",
          "Parent Relationship": "Outer",
          "Parallel Aware": false,
          "Async Capable": false,
          "Join Type": "Inner",
          "Startup Cost": 5163.50,
          "Total Cost": 10143.89,
          "Plan Rows": 706,
          "Plan Width": 121,
          "Inner Unique": true,
          "Hash Cond": "(de.department_id = d.id)",
          "Plans": [
            {
              "Node Type": "Hash Join",
              "Parent Relationship": "Outer",
              "Parallel Aware": true,
              "Async Capable": false,
              "Join Type": "Inner",
              "Startup Cost": 5162.30,
              "Total Cost": 10131.15,
              "Plan Rows": 706,
              "Plan Width": 24,
              "Inner Unique": true,
              "Hash Cond": "(de.employee_id = e.id)",
              "Plans": [
                {
                  "Node Type": "Seq Scan",
                  "Parent Relationship": "Outer",
                  "Parallel Aware": true,
                  "Async Capable": false,
                  "Relation Name": "department_employee",
                  "Alias": "de",
                  "Startup Cost": 0.00,
                  "Total Cost": 4598.26,
                  "Plan Rows": 141178,
                  "Plan Width": 13,
                  "Filter": "(to_date = '9999-01-01'::date)"
                },
                {
                  "Node Type": "Hash",
                  "Parent Relationship": "Inner",
                  "Parallel Aware": true,
                  "Async Capable": false,
                  "Startup Cost": 5151.27,
                  "Total Cost": 5151.27,
                  "Plan Rows": 882,
                  "Plan Width": 27,
                  "Plans": [
                    {
                      "Node Type": "Seq Scan",
                      "Parent Relationship": "Outer",
                      "Parallel Aware": true,
                      "Async Capable": false,
                      "Relation Name": "employee",
                      "Alias": "e",
                      "Startup Cost": 0.00,
                      "Total Cost": 5151.27,
                      "Plan Rows": 882,
                      "Plan Width": 27,
                      "Filter": "(EXTRACT(year FROM hire_date) = '1985'::numeric)"
                    }
                  ]
                }
              ]
            },
            {
              "Node Type": "Hash",
              "Parent Relationship": "Inner",
              "Parallel Aware": false,
              "Async Capable": false,
              "Startup Cost": 1.09,
              "Total Cost": 1.09,
              "Plan Rows": 9,
              "Plan Width": 118,
              "Plans": [
                {
                  "Node Type": "Seq Scan",
                  "Parent Relationship": "Outer",
                  "Parallel Aware": false,
                  "Async Capable": false,
                  "Relation Name": "department",
                  "Alias": "d",
                  "Startup Cost": 0.00,
                  "Total Cost": 1.09,
                  "Plan Rows": 9,
                  "Plan Width": 118
                }
              ]
            }
          ]
        }
      ]
    }
  }
]
