Generated by run_postgres_queries.sh
PostgresSQL Explain JSON generated from the query:

----
EXPLAIN (FORMAT JSON) SELECT e.first_name, e.last_name
FROM employees.employee e
WHERE EXISTS (
    SELECT 1 FROM employees.department_employee dm
    WHERE dm.employee_id = e.id
    AND EXISTS (
        SELECT 1 FROM employees.salary s
        WHERE s.employee_id = dm.employee_id
        AND s.amount > 100000
        AND s.to_date = '9999-01-01'
    )
);
----

-- nested_subqueries_with_exists.json --
[
  {
    "Plan": {
      "Node Type": "Gather",
      "Parallel Aware": false,
      "Async Capable": false,
      "Startup Cost": 41771.03,
      "Total Cost": 47443.61,
      "Plan Rows": 8476,
      "Plan Width": 15,
      "Workers Planned": 1,
      "Single Copy": false,
      "Plans": [
        {
          "Node Type": "Hash Join",
          "Parent Relationship": "Outer",
          "Parallel Aware": true,
          "Async Capable": false,
          "Join Type": "Semi",
          "Startup Cost": 40771.03,
          "Total Cost": 45596.01,
          "Plan Rows": 4986,
          "Plan Width": 15,
          "Inner Unique": false,
          "Hash Cond": "(e.id = s.employee_id)",
          "Plans": [
            {
              "Node Type": "Seq Scan",
              "Parent Relationship": "Outer",
              "Parallel Aware": true,
              "Async Capable": false,
              "Relation Name": "employee",
              "Alias": "e",
              "Startup Cost": 0.00,
              "Total Cost": 4268.85,
              "Plan Rows": 176485,
              "Plan Width": 23
            },
            {
              "Node Type": "Hash",
              "Parent Relationship": "Inner",
              "Parallel Aware": true,
              "Async Capable": false,
              "Startup Cost": 40697.25,
              "Total Cost": 40697.25,
              "Plan Rows": 5902,
              "Plan Width": 16,
              "Plans": [
                {
                  "Node Type": "Hash Join",
                  "Parent Relationship": "Outer",
                  "Parallel Aware": true,
                  "Async Capable": false,
                  "Join Type": "Semi",
                  "Startup Cost": 35979.44,
                  "Total Cost": 40697.25,
                  "Plan Rows": 5902,
                  "Plan Width": 16,
                  "Inner Unique": false,
                  "Hash Cond": "(dm.employee_id = s.employee_id)",
                  "Plans": [
                    {
                      "Node Type": "Seq Scan",
                      "Parent Relationship": "Outer",
                      "Parallel Aware": true,
                      "Async Capable": false,
                      "Relation Name": "department_employee",
                      "Alias": "dm",
                      "Startup Cost": 0.00,
                      "Total Cost": 4110.61,
                      "Plan Rows": 195061,
                      "Plan Width": 8
                    },
                    {
                      "Node Type": "Hash",
                      "Parent Relationship": "Inner",
                      "Parallel Aware": true,
                      "Async Capable": false,
                      "Startup Cost": 35935.29,
                      "Total Cost": 35935.29,
                      "Plan Rows": 3532,
                      "Plan Width": 8,
                      "Plans": [
                        {
                          "Node Type": "Seq Scan",
                          "Parent Relationship": "Outer",
                          "Parallel Aware": true,
                          "Async Capable": false,
                          "Relation Name": "salary",
                          "Alias": "s",
                          "Startup Cost": 0.00,
                          "Total Cost": 35935.29,
                          "Plan Rows": 3532,
                          "Plan Width": 8,
                          "Filter": "((amount > 100000) AND (to_date = '9999-01-01'::date))"
                        }
                      ]
                    }
                  ]
                }
              ]
            }
          ]
        }
      ]
    }
  }
]
