Generated by run_postgres_queries.sh
PostgresSQL Explain JSON generated from the query:

----
EXPLAIN (FORMAT JSON) SELECT 
    CONCAT(e1.first_name, ' ', e1.last_name) as employee_name,
    e1.hire_date,
    CONCAT(e2.first_name, ' ', e2.last_name) as colleague_name,
    e2.hire_date
FROM employees.employee e1
JOIN employees.department_employee de1 ON e1.id = de1.employee_id
JOIN employees.department_employee de2 ON de1.department_id = de2.department_id
JOIN employees.employee e2 ON de2.employee_id = e2.id
WHERE de1.to_date = '9999-01-01'
AND de2.to_date = '9999-01-01'
AND e1.hire_date = e2.hire_date
AND e1.id < e2.id
LIMIT 100;
----

-- self_join_with_date_comparison.json --
[
  {
    "Plan": {
      "Node Type": "Limit",
      "Parallel Aware": false,
      "Async Capable": false,
      "Startup Cost": 8682.76,
      "Total Cost": 9566.22,
      "Plan Rows": 100,
      "Plan Width": 72,
      "Plans": [
        {
          "Node Type": "Nested Loop",
          "Parent Relationship": "Outer",
          "Parallel Aware": false,
          "Async Capable": false,
          "Join Type": "Inner",
          "Startup Cost": 8682.76,
          "Total Cost": 5800887.01,
          "Plan Rows": 655628,
          "Plan Width": 72,
          "Inner Unique": true,
          "Join Filter": "(de1.department_id = de2.department_id)",
          "Plans": [
            {
              "Node Type": "Nested Loop",
              "Parent Relationship": "Outer",
              "Parallel Aware": false,
              "Async Capable": false,
              "Join Type": "Inner",
              "Startup Cost": 8682.34,
              "Total Cost": 3287722.41,
              "Plan Rows": 5011391,
              "Plan Width": 51,
              "Inner Unique": false,
              "Plans": [
                {
                  "Node Type": "Gather",
                  "Parent Relationship": "Outer",
                  "Parallel Aware": false,
                  "Async Capable": false,
                  "Startup Cost": 8681.91,
                  "Total Cost": 750799.84,
                  "Plan Rows": 6264662,
                  "Plan Width": 54,
                  "Workers Planned": 1,
                  "Single Copy": false,
                  "Plans": [
                    {
                      "Node Type": "Hash Join",
                      "Parent Relationship": "Outer",
                      "Parallel Aware": true,
                      "Async Capable": false,
                      "Join Type": "Inner",
                      "Startup Cost": 7681.91,
                      "Total Cost": 123333.64,
                      "Plan Rows": 3685095,
                      "Plan Width": 54,
                      "Inner Unique": false,
                      "Hash Cond": "(e1.hire_date = e2.hire_date)",
                      "Join Filter": "(e1.id < e2.id)",
                      "Plans": [
                        {
                          "Node Type": "Seq Scan",
                          "Parent Relationship": "Outer",
                          "Parallel Aware": true,
                          "Async Capable": false,
                          "Relation Name": "employee",
                          "Alias": "e1",
                          "Startup Cost": 0.00,
                          "Total Cost": 4268.85,
                          "Plan Rows": 176485,
                          "Plan Width": 27
                        },
                        {
                          "Node Type": "Hash",
                          "Parent Relationship": "Inner",
                          "Parallel Aware": true,
                          "Async Capable": false,
                          "Startup Cost": 4268.85,
                          "Total Cost": 4268.85,
                          "Plan Rows": 176485,
                          "Plan Width": 27,
                          "Plans": [
                            {
                              "Node Type": "Seq Scan",
                              "Parent Relationship": "Outer",
                              "Parallel Aware": true,
                              "Async Capable": false,
                              "Relation Name": "employee",
                              "Alias": "e2",
                              "Startup Cost": 0.00,
                              "Total Cost": 4268.85,
                              "Plan Rows": 176485,
                              "Plan Width": 27
                            }
                          ]
                        }
                      ]
                    }
                  ]
                },
                {
                  "Node Type": "Memoize",
                  "Parent Relationship": "Inner",
                  "Parallel Aware": false,
                  "Async Capable": false,
                  "Startup Cost": 0.43,
                  "Total Cost": 0.50,
                  "Plan Rows": 1,
                  "Plan Width": 13,
                  "Cache Key": "e1.id",
                  "Cache Mode": "logical",
                  "Plans": [
                    {
                      "Node Type": "Index Scan",
                      "Parent Relationship": "Outer",
                      "Parallel Aware": false,
                      "Async Capable": false,
                      "Scan Direction": "Forward",
                      "Index Name": "idx_16982_primary",
                      "Relation Name": "department_employee",
                      "Alias": "de1",
                      "Startup Cost": 0.42,
                      "Total Cost": 0.49,
                      "Plan Rows": 1,
                      "Plan Width": 13,
                      "Index Cond": "(employee_id = e1.id)",
                      "Filter": "(to_date = '9999-01-01'::date)"
                    }
                  ]
                }
              ]
            },
            {
              "Node Type": "Index Scan",
              "Parent Relationship": "Inner",
              "Parallel Aware": false,
              "Async Capable": false,
              "Scan Direction": "Forward",
              "Index Name": "idx_16982_primary",
              "Relation Name": "department_employee",
              "Alias": "de2",
              "Startup Cost": 0.42,
              "Total Cost": 0.49,
              "Plan Rows": 1,
              "Plan Width": 13,
              "Index Cond": "(employee_id = e2.id)",
              "Filter": "(to_date = '9999-01-01'::date)"
            }
          ]
        }
      ]
    }
  }
]
