Generated by run_postgres_queries.sh
PostgresSQL Explain JSON generated from the query:

----
EXPLAIN (FORMAT JSON) SELECT 
    LEFT(last_name, 1) as last_name_initial,
    COUNT(*) as name_count
FROM employees.employee
GROUP BY last_name_initial
ORDER BY name_count DESC;
----

-- string_functions_with_grouping.json --
[
  {
    "Plan": {
      "Node Type": "Sort",
      "Parallel Aware": false,
      "Async Capable": false,
      "Startup Cost": 6892.68,
      "Total Cost": 6896.78,
      "Plan Rows": 1637,
      "Plan Width": 40,
      "Sort Key": ["(count(*)) DESC"],
      "Plans": [
        {
          "Node Type": "Aggregate",
          "Strategy": "Hashed",
          "Partial Mode": "Finalize",
          "Parent Relationship": "Outer",
          "Parallel Aware": false,
          "Async Capable": false,
          "Startup Cost": 6784.83,
          "Total Cost": 6805.29,
          "Plan Rows": 1637,
          "Plan Width": 40,
          "Group Key": ["(\"left\"((last_name)::text, 1))"],
          "Planned Partitions": 0,
          "Plans": [
            {
              "Node Type": "Gather",
              "Parent Relationship": "Outer",
              "Parallel Aware": false,
              "Async Capable": false,
              "Startup Cost": 6592.48,
              "Total Cost": 6776.65,
              "Plan Rows": 1637,
              "Plan Width": 40,
              "Workers Planned": 1,
              "Single Copy": false,
              "Plans": [
                {
                  "Node Type": "Aggregate",
                  "Strategy": "Hashed",
                  "Partial Mode": "Partial",
                  "Parent Relationship": "Outer",
                  "Parallel Aware": false,
                  "Async Capable": false,
                  "Startup Cost": 5592.48,
                  "Total Cost": 5612.95,
                  "Plan Rows": 1637,
                  "Plan Width": 40,
                  "Group Key": ["\"left\"((last_name)::text, 1)"],
                  "Planned Partitions": 0,
                  "Plans": [
                    {
                      "Node Type": "Seq Scan",
                      "Parent Relationship": "Outer",
                      "Parallel Aware": true,
                      "Async Capable": false,
                      "Relation Name": "employee",
                      "Alias": "employee",
                      "Startup Cost": 0.00,
                      "Total Cost": 4710.06,
                      "Plan Rows": 176485,
                      "Plan Width": 32
                    }
                  ]
                }
              ]
            }
          ]
        }
      ]
    }
  }
]
