Generated by run_postgres_queries.sh
PostgresSQL Explain JSON generated from the query:

----
EXPLAIN (FORMAT JSON) SELECT e.first_name, e.last_name, s.amount
FROM employees.employee e
JOIN employees.salary s ON e.id = s.employee_id
WHERE s.amount > (SELECT AVG(amount) * 1.5 FROM employees.salary)
AND s.to_date = '9999-01-01';
----

-- subquery_with_aggregate.json --
[
  {
    "Plan": {
      "Node Type": "Gather",
      "Parallel Aware": false,
      "Async Capable": false,
      "Startup Cost": 74291.34,
      "Total Cost": 88376.22,
      "Plan Rows": 80739,
      "Plan Width": 23,
      "Workers Planned": 1,
      "Single Copy": false,
      "Plans": [
        {
          "Node Type": "Aggregate",
          "Strategy": "Plain",
          "Partial Mode": "Finalize",
          "Parent Relationship": "InitPlan",
          "Subplan Name": "InitPlan 1",
          "Parallel Aware": false,
          "Async Capable": false,
          "Startup Cost": 33972.97,
          "Total Cost": 33972.98,
          "Plan Rows": 1,
          "Plan Width": 32,
          "Plans": [
            {
              "Node Type": "Gather",
              "Parent Relationship": "Outer",
              "Parallel Aware": false,
              "Async Capable": false,
              "Startup Cost": 33972.75,
              "Total Cost": 33972.96,
              "Plan Rows": 2,
              "Plan Width": 32,
              "Workers Planned": 2,
              "Single Copy": false,
              "Plans": [
                {
                  "Node Type": "Aggregate",
                  "Strategy": "Plain",
                  "Partial Mode": "Partial",
                  "Parent Relationship": "Outer",
                  "Parallel Aware": false,
                  "Async Capable": false,
                  "Startup Cost": 32972.75,
                  "Total Cost": 32972.76,
                  "Plan Rows": 1,
                  "Plan Width": 32,
                  "Plans": [
                    {
                      "Node Type": "Seq Scan",
                      "Parent Relationship": "Outer",
                      "Parallel Aware": true,
                      "Async Capable": false,
                      "Relation Name": "salary",
                      "Alias": "salary",
                      "Startup Cost": 0.00,
                      "Total Cost": 30010.20,
                      "Plan Rows": 1185020,
                      "Plan Width": 8
                    }
                  ]
                }
              ]
            }
          ]
        },
        {
          "Node Type": "Hash Join",
          "Parent Relationship": "Outer",
          "Parallel Aware": true,
          "Async Capable": false,
          "Join Type": "Inner",
          "Startup Cost": 39318.36,
          "Total Cost": 45329.34,
          "Plan Rows": 47494,
          "Plan Width": 23,
          "Inner Unique": false,
          "Hash Cond": "(e.id = s.employee_id)",
          "Plans": [
            {
              "Node Type": "Seq Scan",
              "Parent Relationship": "Outer",
              "Parallel Aware": true,
              "Async Capable": false,
              "Relation Name": "employee",
              "Alias": "e",
              "Startup Cost": 0.00,
              "Total Cost": 4268.85,
              "Plan Rows": 176485,
              "Plan Width": 23
            },
            {
              "Node Type": "Hash",
              "Parent Relationship": "Inner",
              "Parallel Aware": true,
              "Async Capable": false,
              "Startup Cost": 38897.84,
              "Total Cost": 38897.84,
              "Plan Rows": 33641,
              "Plan Width": 16,
              "Plans": [
                {
                  "Node Type": "Seq Scan",
                  "Parent Relationship": "Outer",
                  "Parallel Aware": true,
                  "Async Capable": false,
                  "Relation Name": "salary",
                  "Alias": "s",
                  "Startup Cost": 0.00,
                  "Total Cost": 38897.84,
                  "Plan Rows": 33641,
                  "Plan Width": 16,
                  "Filter": "((to_date = '9999-01-01'::date) AND ((amount)::numeric > (InitPlan 1).col1))"
                }
              ]
            }
          ]
        }
      ]
    }
  }
]
