Generated by run_postgres_queries.sh
PostgresSQL Explain JSON generated from the query:

----
EXPLAIN (FORMAT JSON) SELECT e.first_name, e.last_name, 'Manager' as role
FROM employees.employee e
JOIN employees.department_manager dm ON e.id = dm.employee_id
WHERE dm.to_date = '9999-01-01'
UNION
SELECT e.first_name, e.last_name, 'Senior Engineer' as role
FROM employees.employee e
JOIN employees.title t ON e.id = t.employee_id
WHERE t.title = 'Senior Engineer'
AND t.to_date = '9999-01-01'
ORDER BY last_name;
----

-- union_with_different_conditions.json --
[
  {
    "Plan": {
      "Node Type": "Sort",
      "Parallel Aware": false,
      "Async Capable": false,
      "Startup Cost": 33508.49,
      "Total Cost": 33640.36,
      "Plan Rows": 52748,
      "Plan Width": 128,
      "Sort Key": ["e.last_name"],
      "Plans": [
        {
          "Node Type": "Unique",
          "Parent Relationship": "Outer",
          "Parallel Aware": false,
          "Async Capable": false,
          "Startup Cost": 25417.27,
          "Total Cost": 25944.75,
          "Plan Rows": 52748,
          "Plan Width": 128,
          "Plans": [
            {
              "Node Type": "Sort",
              "Parent Relationship": "Outer",
              "Parallel Aware": false,
              "Async Capable": false,
              "Startup Cost": 25417.27,
              "Total Cost": 25549.14,
              "Plan Rows": 52748,
              "Plan Width": 128,
              "Sort Key": ["e.first_name", "e.last_name", "('Manager'::text)"],
              "Plans": [
                {
                  "Node Type": "Append",
                  "Parent Relationship": "Outer",
                  "Parallel Aware": false,
                  "Async Capable": false,
                  "Startup Cost": 0.42,
                  "Total Cost": 17853.53,
                  "Plan Rows": 52748,
                  "Plan Width": 128,
                  "Subplans Removed": 0,
                  "Plans": [
                    {
                      "Node Type": "Nested Loop",
                      "Parent Relationship": "Member",
                      "Parallel Aware": false,
                      "Async Capable": false,
                      "Join Type": "Inner",
                      "Startup Cost": 0.42,
                      "Total Cost": 9.74,
                      "Plan Rows": 1,
                      "Plan Width": 47,
                      "Inner Unique": true,
                      "Plans": [
                        {
                          "Node Type": "Seq Scan",
                          "Parent Relationship": "Outer",
                          "Parallel Aware": false,
                          "Async Capable": false,
                          "Relation Name": "department_manager",
                          "Alias": "dm",
                          "Startup Cost": 0.00,
                          "Total Cost": 1.30,
                          "Plan Rows": 1,
                          "Plan Width": 8,
                          "Filter": "(to_date = '9999-01-01'::date)"
                        },
                        {
                          "Node Type": "Index Scan",
                          "Parent Relationship": "Inner",
                          "Parallel Aware": false,
                          "Async Capable": false,
                          "Scan Direction": "Forward",
                          "Index Name": "idx_16988_primary",
                          "Relation Name": "employee",
                          "Alias": "e",
                          "Startup Cost": 0.42,
                          "Total Cost": 8.44,
                          "Plan Rows": 1,
                          "Plan Width": 23,
                          "Index Cond": "(id = dm.employee_id)"
                        }
                      ]
                    },
                    {
                      "Node Type": "Gather",
                      "Parent Relationship": "Member",
                      "Parallel Aware": false,
                      "Async Capable": false,
                      "Startup Cost": 7245.40,
                      "Total Cost": 17580.05,
                      "Plan Rows": 52747,
                      "Plan Width": 47,
                      "Workers Planned": 1,
                      "Single Copy": false,
                      "Plans": [
                        {
                          "Node Type": "Hash Join",
                          "Parent Relationship": "Outer",
                          "Parallel Aware": true,
                          "Async Capable": false,
                          "Join Type": "Inner",
                          "Startup Cost": 6245.40,
                          "Total Cost": 11305.35,
                          "Plan Rows": 31028,
                          "Plan Width": 47,
                          "Inner Unique": false,
                          "Hash Cond": "(e_1.id = t.employee_id)",
                          "Plans": [
                            {
                              "Node Type": "Seq Scan",
                              "Parent Relationship": "Outer",
                              "Parallel Aware": true,
                              "Async Capable": false,
                              "Relation Name": "employee",
                              "Alias": "e_1",
                              "Startup Cost": 0.00,
                              "Total Cost": 4268.85,
                              "Plan Rows": 176485,
                              "Plan Width": 23
                            },
                            {
                              "Node Type": "Hash",
                              "Parent Relationship": "Inner",
                              "Parallel Aware": true,
                              "Async Capable": false,
                              "Startup Cost": 5970.68,
                              "Total Cost": 5970.68,
                              "Plan Rows": 21978,
                              "Plan Width": 8,
                              "Plans": [
                                {
                                  "Node Type": "Seq Scan",
                                  "Parent Relationship": "Outer",
                                  "Parallel Aware": true,
                                  "Async Capable": false,
                                  "Relation Name": "title",
                                  "Alias": "t",
                                  "Startup Cost": 0.00,
                                  "Total Cost": 5970.68,
                                  "Plan Rows": 21978,
                                  "Plan Width": 8,
                                  "Filter": "(((title)::text = 'Senior Engineer'::text) AND (to_date = '9999-01-01'::date))"
                                }
                              ]
                            }
                          ]
                        }
                      ]
                    }
                  ]
                }
              ]
            }
          ]
        }
      ]
    }
  }
]
