Generated by run_postgres_queries.sh
PostgresSQL Explain JSON generated from the query:

----
EXPLAIN (FORMAT JSON) SELECT e.first_name, e.last_name, s.amount,
       DENSE_RANK() OVER (ORDER BY s.amount DESC) as salary_rank
FROM employees.employee e
JOIN employees.salary s ON e.id = s.employee_id
WHERE s.to_date = '9999-01-01'
LIMIT 100;
----

-- window_functions.json --
[
  {
    "Plan": {
      "Node Type": "Limit",
      "Parallel Aware": false,
      "Async Capable": false,
      "Startup Cost": 42362.03,
      "Total Cost": 42420.13,
      "Plan Rows": 100,
      "Plan Width": 31,
      "Plans": [
        {
          "Node Type": "WindowAgg",
          "Parent Relationship": "Outer",
          "Parallel Aware": false,
          "Async Capable": false,
          "Startup Cost": 42362.03,
          "Total Cost": 183081.90,
          "Plan Rows": 242218,
          "Plan Width": 31,
          "Plans": [
            {
              "Node Type": "Nested Loop",
              "Parent Relationship": "Outer",
              "Parallel Aware": false,
              "Async Capable": false,
              "Join Type": "Inner",
              "Startup Cost": 42361.45,
              "Total Cost": 179448.63,
              "Plan Rows": 242218,
              "Plan Width": 23,
              "Inner Unique": true,
              "Plans": [
                {
                  "Node Type": "Gather Merge",
                  "Parent Relationship": "Outer",
                  "Parallel Aware": false,
                  "Async Capable": false,
                  "Startup Cost": 42361.02,
                  "Total Cost": 70571.30,
                  "Plan Rows": 242218,
                  "Plan Width": 16,
                  "Workers Planned": 2,
                  "Plans": [
                    {
                      "Node Type": "Sort",
                      "Parent Relationship": "Outer",
                      "Parallel Aware": false,
                      "Async Capable": false,
                      "Startup Cost": 41361.00,
                      "Total Cost": 41613.31,
                      "Plan Rows": 100924,
                      "Plan Width": 16,
                      "Sort Key": ["s.amount DESC"],
                      "Plans": [
                        {
                          "Node Type": "Seq Scan",
                          "Parent Relationship": "Outer",
                          "Parallel Aware": true,
                          "Async Capable": false,
                          "Relation Name": "salary",
                          "Alias": "s",
                          "Startup Cost": 0.00,
                          "Total Cost": 32972.74,
                          "Plan Rows": 100924,
                          "Plan Width": 16,
                          "Filter": "(to_date = '9999-01-01'::date)"
                        }
                      ]
                    }
                  ]
                },
                {
                  "Node Type": "Memoize",
                  "Parent Relationship": "Inner",
                  "Parallel Aware": false,
                  "Async Capable": false,
                  "Startup Cost": 0.43,
                  "Total Cost": 0.50,
                  "Plan Rows": 1,
                  "Plan Width": 23,
                  "Cache Key": "s.employee_id",
                  "Cache Mode": "logical",
                  "Plans": [
                    {
                      "Node Type": "Index Scan",
                      "Parent Relationship": "Outer",
                      "Parallel Aware": false,
                      "Async Capable": false,
                      "Scan Direction": "Forward",
                      "Index Name": "idx_16988_primary",
                      "Relation Name": "employee",
                      "Alias": "e",
                      "Startup Cost": 0.42,
                      "Total Cost": 0.49,
                      "Plan Rows": 1,
                      "Plan Width": 23,
                      "Index Cond": "(id = s.employee_id)"
                    }
                  ]
                }
              ]
            }
          ]
        }
      ]
    }
  }
]
