Generated by run_postgres_queries.sh
PostgresSQL Explain JSON generated from the query:

----
EXPLAIN (FORMAT JSON) SELECT 
    d.dept_name,
    e.first_name,
    e.last_name,
    s.amount,
    RANK() OVER (PARTITION BY d.id ORDER BY s.amount DESC) as salary_rank_in_dept
FROM employees.employee e
JOIN employees.department_employee de ON e.id = de.employee_id
JOIN employees.department d ON de.department_id = d.id
JOIN employees.salary s ON e.id = s.employee_id
WHERE de.to_date = '9999-01-01'
AND s.to_date = '9999-01-01';
----

-- window_functions_with_partitioning.json --
[
  {
    "Plan": {
      "Node Type": "WindowAgg",
      "Parallel Aware": false,
      "Async Capable": false,
      "Startup Cost": 60047.61,
      "Total Cost": 87943.40,
      "Plan Rows": 193761,
      "Plan Width": 149,
      "Plans": [
        {
          "Node Type": "Merge Join",
          "Parent Relationship": "Outer",
          "Parallel Aware": false,
          "Async Capable": false,
          "Join Type": "Inner",
          "Startup Cost": 60047.47,
          "Total Cost": 84552.58,
          "Plan Rows": 193761,
          "Plan Width": 141,
          "Inner Unique": true,
          "Merge Cond": "(de.department_id = d.id)",
          "Plans": [
            {
              "Node Type": "Gather Merge",
              "Parent Relationship": "Outer",
              "Parallel Aware": false,
              "Async Capable": false,
              "Startup Cost": 60046.23,
              "Total Cost": 82129.29,
              "Plan Rows": 193761,
              "Plan Width": 28,
              "Workers Planned": 1,
              "Plans": [
                {
                  "Node Type": "Sort",
                  "Parent Relationship": "Outer",
                  "Parallel Aware": false,
                  "Async Capable": false,
                  "Startup Cost": 59046.22,
                  "Total Cost": 59331.17,
                  "Plan Rows": 113977,
                  "Plan Width": 28,
                  "Sort Key": ["de.department_id", "s.amount DESC"],
                  "Plans": [
                    {
                      "Node Type": "Hash Join",
                      "Parent Relationship": "Outer",
                      "Parallel Aware": true,
                      "Async Capable": false,
                      "Join Type": "Inner",
                      "Startup Cost": 41303.75,
                      "Total Cost": 46743.08,
                      "Plan Rows": 113977,
                      "Plan Width": 28,
                      "Inner Unique": false,
                      "Hash Cond": "(e.id = de.employee_id)",
                      "Plans": [
                        {
                          "Node Type": "Seq Scan",
                          "Parent Relationship": "Outer",
                          "Parallel Aware": true,
                          "Async Capable": false,
                          "Relation Name": "employee",
                          "Alias": "e",
                          "Startup Cost": 0.00,
                          "Total Cost": 4268.85,
                          "Plan Rows": 176485,
                          "Plan Width": 23
                        },
                        {
                          "Node Type": "Hash",
                          "Parent Relationship": "Inner",
                          "Parallel Aware": true,
                          "Async Capable": false,
                          "Startup Cost": 40222.85,
                          "Total Cost": 40222.85,
                          "Plan Rows": 86472,
                          "Plan Width": 29,
                          "Plans": [
                            {
                              "Node Type": "Hash Join",
                              "Parent Relationship": "Outer",
                              "Parallel Aware": true,
                              "Async Capable": false,
                              "Join Type": "Inner",
                              "Startup Cost": 6362.98,
                              "Total Cost": 40222.85,
                              "Plan Rows": 86472,
                              "Plan Width": 29,
                              "Inner Unique": false,
                              "Hash Cond": "(s.employee_id = de.employee_id)",
                              "Plans": [
                                {
                                  "Node Type": "Seq Scan",
                                  "Parent Relationship": "Outer",
                                  "Parallel Aware": true,
                                  "Async Capable": false,
                                  "Relation Name": "salary",
                                  "Alias": "s",
                                  "Startup Cost": 0.00,
                                  "Total Cost": 32972.74,
                                  "Plan Rows": 100924,
                                  "Plan Width": 16,
                                  "Filter": "(to_date = '9999-01-01'::date)"
                                },
                                {
                                  "Node Type": "Hash",
                                  "Parent Relationship": "Inner",
                                  "Parallel Aware": true,
                                  "Async Capable": false,
                                  "Startup Cost": 4598.26,
                                  "Total Cost": 4598.26,
                                  "Plan Rows": 141178,
                                  "Plan Width": 13,
                                  "Plans": [
                                    {
                                      "Node Type": "Seq Scan",
                                      "Parent Relationship": "Outer",
                                      "Parallel Aware": true,
                                      "Async Capable": false,
                                      "Relation Name": "department_employee",
                                      "Alias": "de",
                                      "Startup Cost": 0.00,
                                      "Total Cost": 4598.26,
                                      "Plan Rows": 141178,
                                      "Plan Width": 13,
                                      "Filter": "(to_date = '9999-01-01'::date)"
                                    }
                                  ]
                                }
                              ]
                            }
                          ]
                        }
                      ]
                    }
                  ]
                }
              ]
            },
            {
              "Node Type": "Sort",
              "Parent Relationship": "Inner",
              "Parallel Aware": false,
              "Async Capable": false,
              "Startup Cost": 1.23,
              "Total Cost": 1.26,
              "Plan Rows": 9,
              "Plan Width": 118,
              "Sort Key": ["d.id"],
              "Plans": [
                {
                  "Node Type": "Seq Scan",
                  "Parent Relationship": "Outer",
                  "Parallel Aware": false,
                  "Async Capable": false,
                  "Relation Name": "department",
                  "Alias": "d",
                  "Startup Cost": 0.00,
                  "Total Cost": 1.09,
                  "Plan Rows": 9,
                  "Plan Width": 118
                }
              ]
            }
          ]
        }
      ]
    }
  }
]
