Generated by run_postgres_queries.sh
PostgresSQL Explain JSON generated from the query:

----
EXPLAIN (FORMAT JSON) SELECT e.first_name, e.last_name, e.hire_date,
       e.hire_date + INTERVAL '1 year' as first_anniversary
FROM employees.employee e
WHERE EXTRACT(MONTH FROM e.hire_date) = EXTRACT(MONTH FROM CURRENT_DATE)
AND e.hire_date < '1990-01-01';
----

-- date_manipulation_with_conditions.json --
[
  {
    "Plan": {
      "Node Type": "Gather",
      "Parallel Aware": false,
      "Async Capable": false,
      "Startup Cost": 1000.00,
      "Total Cost": 7558.82,
      "Plan Rows": 827,
      "Plan Width": 27,
      "Workers Planned": 1,
      "Single Copy": false,
      "Plans": [
        {
          "Node Type": "Seq Scan",
          "Parent Relationship": "Outer",
          "Parallel Aware": true,
          "Async Capable": false,
          "Relation Name": "employee",
          "Alias": "e",
          "Startup Cost": 0.00,
          "Total Cost": 6476.12,
          "Plan Rows": 486,
          "Plan Width": 27,
          "Filter": "((hire_date < '1990-01-01'::date) AND (EXTRACT(month FROM hire_date) = EXTRACT(month FROM CURRENT_DATE)))"
        }
      ]
    }
  }
]
